Using pre-set license
Built from '2021.2/staging' branch; Version is '2021.2.6f1 (8c4e826ba445) revision 9195138'; Using compiler version '192829333'; Build Type 'Release'
OS: 'Windows 10  (10.0.19044) 64bit Professional' Language: 'de' Physical Memory: 32718 MB
BatchMode: 1, IsHumanControllingUs: 0, StartBugReporterOnCrash: 0, Is64bit: 1, IsPro: 0

COMMAND LINE ARGUMENTS:
C:\Program Files\Unity\Hub\Editor\2021.2.6f1\Editor\Unity.exe
-adb2
-batchMode
-noUpm
-name
AssetImportWorker3
-projectPath
D:/Unity/VR-CameraToolkit
-logFile
Logs/AssetImportWorker3.log
-srvPort
63096
Successfully changed project path to: D:/Unity/VR-CameraToolkit
D:/Unity/VR-CameraToolkit
[UnityMemory] Configuration Parameters - Can be set up in boot.config
    "memorysetup-bucket-allocator-granularity=16"
    "memorysetup-bucket-allocator-bucket-count=8"
    "memorysetup-bucket-allocator-block-size=33554432"
    "memorysetup-bucket-allocator-block-count=8"
    "memorysetup-main-allocator-block-size=16777216"
    "memorysetup-thread-allocator-block-size=16777216"
    "memorysetup-gfx-main-allocator-block-size=16777216"
    "memorysetup-gfx-thread-allocator-block-size=16777216"
    "memorysetup-cache-allocator-block-size=4194304"
    "memorysetup-typetree-allocator-block-size=2097152"
    "memorysetup-profiler-bucket-allocator-granularity=16"
    "memorysetup-profiler-bucket-allocator-bucket-count=8"
    "memorysetup-profiler-bucket-allocator-block-size=33554432"
    "memorysetup-profiler-bucket-allocator-block-count=8"
    "memorysetup-profiler-allocator-block-size=16777216"
    "memorysetup-profiler-editor-allocator-block-size=1048576"
    "memorysetup-temp-allocator-size-main=16777216"
    "memorysetup-job-temp-allocator-block-size=2097152"
    "memorysetup-job-temp-allocator-block-size-background=1048576"
    "memorysetup-job-temp-allocator-reduction-small-platforms=262144"
    "memorysetup-temp-allocator-size-background-worker=32768"
    "memorysetup-temp-allocator-size-job-worker=262144"
    "memorysetup-temp-allocator-size-preload-manager=33554432"
    "memorysetup-temp-allocator-size-nav-mesh-worker=65536"
    "memorysetup-temp-allocator-size-audio-worker=65536"
    "memorysetup-temp-allocator-size-cloud-worker=32768"
    "memorysetup-temp-allocator-size-gi-baking-worker=262144"
    "memorysetup-temp-allocator-size-gfx=262144"
Refreshing native plugins compatible for Editor in 207.87 ms, found 16 plugins.
Preloading 1 native plugins for Editor in 1.42 ms.
Initialize engine version: 2021.2.6f1 (8c4e826ba445)
[Subsystems] Discovering subsystems at path C:/Program Files/Unity/Hub/Editor/2021.2.6f1/Editor/Data/Resources/UnitySubsystems
[Subsystems] Discovering subsystems at path D:/Unity/VR-CameraToolkit/Assets
GfxDevice: creating device client; threaded=0; jobified=0
Direct3D:
    Version:  Direct3D 11.0 [level 11.1]
    Renderer: NVIDIA GeForce RTX 3090 (ID=0x2204)
    Vendor:   NVIDIA
    VRAM:     24348 MB
    Driver:   30.0.15.1109
Initialize mono
Mono path[0] = 'C:/Program Files/Unity/Hub/Editor/2021.2.6f1/Editor/Data/Managed'
Mono path[1] = 'C:/Program Files/Unity/Hub/Editor/2021.2.6f1/Editor/Data/MonoBleedingEdge/lib/mono/unityjit-win32'
Mono config path = 'C:/Program Files/Unity/Hub/Editor/2021.2.6f1/Editor/Data/MonoBleedingEdge/etc'
Using monoOptions --debugger-agent=transport=dt_socket,embedding=1,server=y,suspend=n,address=127.0.0.1:56760
Begin MonoManager ReloadAssembly
Registering precompiled unity dll's ...
Register platform support module: C:/Program Files/Unity/Hub/Editor/2021.2.6f1/Editor/Data/PlaybackEngines/WebGLSupport/UnityEditor.WebGL.Extensions.dll
Register platform support module: C:/Program Files/Unity/Hub/Editor/2021.2.6f1/Editor/Data/PlaybackEngines/WindowsStandaloneSupport/UnityEditor.WindowsStandalone.Extensions.dll
Register platform support module: C:/Program Files/Unity/Hub/Editor/2021.2.6f1/Editor/Data/PlaybackEngines/LinuxStandaloneSupport/UnityEditor.LinuxStandalone.Extensions.dll
Registered in 0.011895 seconds.
Native extension for LinuxStandalone target not found
Native extension for WindowsStandalone target not found
Native extension for WebGL target not found
Refreshing native plugins compatible for Editor in 171.09 ms, found 16 plugins.
Preloading 1 native plugins for Editor in 0.06 ms.
Mono: successfully reloaded assembly
- Completed reload, in  0.839 seconds
Domain Reload Profiling:
	ReloadAssembly (840ms)
		BeginReloadAssembly (90ms)
			ExecutionOrderSort (0ms)
			DisableScriptedObjects (0ms)
			BackupInstance (0ms)
			ReleaseScriptingObjects (0ms)
			CreateAndSetChildDomain (1ms)
		EndReloadAssembly (649ms)
			LoadAssemblies (87ms)
			RebuildTransferFunctionScriptingTraits (0ms)
			SetupTypeCache (133ms)
			ReleaseScriptCaches (0ms)
			RebuildScriptCaches (29ms)
			SetupLoadedEditorAssemblies (420ms)
				LogAssemblyErrors (0ms)
				InitializePlatformSupportModulesInManaged (23ms)
				SetLoadedEditorAssemblies (0ms)
				RefreshPlugins (171ms)
				BeforeProcessingInitializeOnLoad (1ms)
				ProcessInitializeOnLoadAttributes (168ms)
				ProcessInitializeOnLoadMethodAttributes (55ms)
				AfterProcessingInitializeOnLoad (0ms)
				EditorAssembliesLoaded (0ms)
			ExecutionOrderSort2 (0ms)
			AwakeInstancesAfterBackupRestoration (0ms)
Platform modules already initialized, skipping
Registering precompiled user dll's ...
Registered in 0.018020 seconds.
Begin MonoManager ReloadAssembly
Symbol file LoadedFromMemory doesn't match image D:\Unity\VR-CameraToolkit\Library\PackageCache\com.unity.visualscripting@1.7.5\Editor\VisualScripting.Core\Dependencies\DotNetZip\Unity.VisualScripting.IonicZip.dll
Symbol file LoadedFromMemory doesn't match image D:\Unity\VR-CameraToolkit\Library\PackageCache\com.unity.visualscripting@1.7.5\Editor\VisualScripting.Core\Dependencies\YamlDotNet\Unity.VisualScripting.YamlDotNet.dll
Native extension for LinuxStandalone target not found
Native extension for WindowsStandalone target not found
Native extension for WebGL target not found
Refreshing native plugins compatible for Editor in 149.28 ms, found 16 plugins.
Preloading 1 native plugins for Editor in 0.05 ms.
Package Manager log level set to [2]
Added DLL directory D:\Unity\VR-CameraToolkit\Library\PackageCache\com.microsoft.mixedreality.input@22a9e02fe4c4-1642697827312\Plugins\Windows\x64 to the user search path.
UnityEngine.StackTraceUtility:ExtractStackTrace ()
UnityEngine.DebugLogHandler:LogFormat (UnityEngine.LogType,UnityEngine.Object,string,object[])
UnityEngine.Logger:Log (UnityEngine.LogType,object)
UnityEngine.Debug:Log (object)
Microsoft.MixedReality.Input.Init:.cctor () (at Library/PackageCache/com.microsoft.mixedreality.input@22a9e02fe4c4-1642697827312/Editor/Microsoft.MixedReality.Input.Init.cs:88)
System.Runtime.CompilerServices.RuntimeHelpers:RunClassConstructor (System.RuntimeTypeHandle)
UnityEditor.EditorAssemblies:ProcessInitializeOnLoadAttributes (System.Type[])

(Filename: Library/PackageCache/com.microsoft.mixedreality.input@22a9e02fe4c4-1642697827312/Editor/Microsoft.MixedReality.Input.Init.cs Line: 88)

System.Reflection.TargetInvocationException: Exception has been thrown by the target of an invocation. ---> System.NullReferenceException: Object reference not set to an instance of an object
  at Unity.XR.Oculus.OculusLoader.AssetPathToAbsolutePath (System.String assetPath) [0x00040] in D:\Unity\VR-CameraToolkit\Library\PackageCache\com.unity.xr.oculus@1.11.0\Runtime\OculusLoader.cs:250 
  at Unity.XR.Oculus.OculusLoader.EditorLoadOVRPlugin () [0x0007b] in D:\Unity\VR-CameraToolkit\Library\PackageCache\com.unity.xr.oculus@1.11.0\Runtime\OculusLoader.cs:235 
  at (wrapper managed-to-native) System.Reflection.RuntimeMethodInfo.InternalInvoke(System.Reflection.RuntimeMethodInfo,object,object[],System.Exception&)
  at System.Reflection.RuntimeMethodInfo.Invoke (System.Object obj, System.Reflection.BindingFlags invokeAttr, System.Reflection.Binder binder, System.Object[] parameters, System.Globalization.CultureInfo culture) [0x0006a] in <31c0f51ac5a24a22ba784db24f4ba023>:0 
   --- End of inner exception stack trace ---
  at System.Reflection.RuntimeMethodInfo.Invoke (System.Object obj, System.Reflection.BindingFlags invokeAttr, System.Reflection.Binder binder, System.Object[] parameters, System.Globalization.CultureInfo culture) [0x00083] in <31c0f51ac5a24a22ba784db24f4ba023>:0 
  at System.Reflection.MethodBase.Invoke (System.Object obj, System.Object[] parameters) [0x00000] in <31c0f51ac5a24a22ba784db24f4ba023>:0 
  at UnityEditor.EditorAssemblies.ProcessInitializeOnLoadMethodAttributes () [0x000a5] in <52409df47eec4ff4a3e5a5be37682d54>:0 
UnityEngine.StackTraceUtility:ExtractStackTrace ()
UnityEngine.DebugLogHandler:LogFormat (UnityEngine.LogType,UnityEngine.Object,string,object[])
UnityEngine.Logger:Log (UnityEngine.LogType,object)
UnityEngine.Debug:LogError (object)
UnityEditor.EditorAssemblies:ProcessInitializeOnLoadMethodAttributes ()

[XR] [MROpenXR][Info   ][17:34:46.059673][tid:b340] MeshProvider_RegisterLifecycleProvider
[XR] [MROpenXR][Info   ][17:34:46.059821][tid:b340] InputProvider_RegisterLifeCycleProvider
[XR] [MROpenXR][Info   ][17:34:46.060448][tid:b340] MicrosoftOpenXRPlugin_SetPluginEnvironment unityVersion=2021.2.6f1
[XR] Error loading subsystem: Display (1) (header mismatch?)
[XR] [MROpenXR][Info   ][17:34:46.061677][tid:b340] MicrosoftOpenXRPlugin_SetPluginEnvironment openXRPluginVersion=1.3.1
[XR] [MROpenXR][Info   ][17:34:46.061730][tid:b340] MicrosoftOpenXRPlugin_SetPluginEnvironment mrOpenXRPluginVersion=1.2.1.0
[XR] [MROpenXR][Info   ][17:34:46.061824][tid:b340] OnPluginStarted UnityVersion=2021.2.6f1 OpenXRPluginVersion=1.3.1 MROpenXRPluginVersion=1.2.1.0 PartA_PrivTags=33554432
Mono: successfully reloaded assembly
- Completed reload, in  2.641 seconds
Domain Reload Profiling:
	ReloadAssembly (2642ms)
		BeginReloadAssembly (145ms)
			ExecutionOrderSort (0ms)
			DisableScriptedObjects (6ms)
			BackupInstance (0ms)
			ReleaseScriptingObjects (0ms)
			CreateAndSetChildDomain (28ms)
		EndReloadAssembly (2367ms)
			LoadAssemblies (127ms)
			RebuildTransferFunctionScriptingTraits (0ms)
			SetupTypeCache (365ms)
			ReleaseScriptCaches (1ms)
			RebuildScriptCaches (94ms)
			SetupLoadedEditorAssemblies (1735ms)
				LogAssemblyErrors (0ms)
				InitializePlatformSupportModulesInManaged (19ms)
				SetLoadedEditorAssemblies (0ms)
				RefreshPlugins (149ms)
				BeforeProcessingInitializeOnLoad (157ms)
				ProcessInitializeOnLoadAttributes (869ms)
				ProcessInitializeOnLoadMethodAttributes (527ms)
				AfterProcessingInitializeOnLoad (12ms)
				EditorAssembliesLoaded (0ms)
			ExecutionOrderSort2 (0ms)
			AwakeInstancesAfterBackupRestoration (6ms)
Platform modules already initialized, skipping
========================================================================
Worker process is ready to serve import requests
Launched and connected shader compiler UnityShaderCompiler.exe after 0.06 seconds
Refreshing native plugins compatible for Editor in 2.18 ms, found 16 plugins.
Preloading 1 native plugins for Editor in 0.10 ms.
Unloading 5584 Unused Serialized files (Serialized files now loaded: 0)
Unloading 543 unused Assets / (283.1 KB). Loaded Objects now: 5980.
Memory consumption went from 194.0 MB to 193.7 MB.
Total: 8.170600 ms (FindLiveObjects: 0.753200 ms CreateObjectMapping: 0.637300 ms MarkObjects: 6.064700 ms  DeleteObjects: 0.713800 ms)

AssetImportParameters requested are different than current active one (requested -> active):
  custom:video-decoder-ogg-theora: a1e56fd34408186e4bbccfd4996cb3dc -> 
  custom:container-muxer-webm: aa71ff27fc2769a1b78a27578f13a17b -> 
  custom:container-demuxer-webm: 4f35f7cbe854078d1ac9338744f61a02 -> 
  custom:video-encoder-webm-vp8: eb34c28f22e8b96e1ab97ce403110664 -> 
  custom:audio-encoder-webm-vorbis: bf7c407c2cedff20999df2af8eb42d56 -> 
  custom:framework-win-MediaFoundation: 216162199b28c13a410421893ffa2e32 -> 
  custom:container-demuxer-ogg: 62fdf1f143b41e24485cea50d1cbac27 -> 
  custom:video-decoder-webm-vp8: 9c59270c3fd7afecdb556c50c9e8de78 -> 
  custom:audio-decoder-ogg-vorbis: bf7c407c2cedff20999df2af8eb42d56 -> 
========================================================================
Received Prepare
Registering precompiled user dll's ...
Registered in 0.016196 seconds.
Begin MonoManager ReloadAssembly
Symbol file LoadedFromMemory doesn't match image D:\Unity\VR-CameraToolkit\Library\PackageCache\com.unity.visualscripting@1.7.5\Editor\VisualScripting.Core\Dependencies\DotNetZip\Unity.VisualScripting.IonicZip.dll
Symbol file LoadedFromMemory doesn't match image D:\Unity\VR-CameraToolkit\Library\PackageCache\com.unity.visualscripting@1.7.5\Editor\VisualScripting.Core\Dependencies\YamlDotNet\Unity.VisualScripting.YamlDotNet.dll
Native extension for LinuxStandalone target not found
Native extension for WindowsStandalone target not found
Native extension for WebGL target not found
Refreshing native plugins compatible for Editor in 2.68 ms, found 16 plugins.
Preloading 1 native plugins for Editor in 0.15 ms.
Added DLL directory D:\Unity\VR-CameraToolkit\Library\PackageCache\com.microsoft.mixedreality.input@22a9e02fe4c4-1642697827312\Plugins\Windows\x64 to the user search path.
UnityEngine.StackTraceUtility:ExtractStackTrace ()
UnityEngine.DebugLogHandler:LogFormat (UnityEngine.LogType,UnityEngine.Object,string,object[])
UnityEngine.Logger:Log (UnityEngine.LogType,object)
UnityEngine.Debug:Log (object)
Microsoft.MixedReality.Input.Init:.cctor () (at Library/PackageCache/com.microsoft.mixedreality.input@22a9e02fe4c4-1642697827312/Editor/Microsoft.MixedReality.Input.Init.cs:88)
System.Runtime.CompilerServices.RuntimeHelpers:RunClassConstructor (System.RuntimeTypeHandle)
UnityEditor.EditorAssemblies:ProcessInitializeOnLoadAttributes (System.Type[])

(Filename: Library/PackageCache/com.microsoft.mixedreality.input@22a9e02fe4c4-1642697827312/Editor/Microsoft.MixedReality.Input.Init.cs Line: 88)

System.Reflection.TargetInvocationException: Exception has been thrown by the target of an invocation. ---> System.NullReferenceException: Object reference not set to an instance of an object
  at Unity.XR.Oculus.OculusLoader.AssetPathToAbsolutePath (System.String assetPath) [0x00040] in D:\Unity\VR-CameraToolkit\Library\PackageCache\com.unity.xr.oculus@1.11.0\Runtime\OculusLoader.cs:250 
  at Unity.XR.Oculus.OculusLoader.EditorLoadOVRPlugin () [0x0007b] in D:\Unity\VR-CameraToolkit\Library\PackageCache\com.unity.xr.oculus@1.11.0\Runtime\OculusLoader.cs:235 
  at (wrapper managed-to-native) System.Reflection.RuntimeMethodInfo.InternalInvoke(System.Reflection.RuntimeMethodInfo,object,object[],System.Exception&)
  at System.Reflection.RuntimeMethodInfo.Invoke (System.Object obj, System.Reflection.BindingFlags invokeAttr, System.Reflection.Binder binder, System.Object[] parameters, System.Globalization.CultureInfo culture) [0x0006a] in <31c0f51ac5a24a22ba784db24f4ba023>:0 
   --- End of inner exception stack trace ---
  at System.Reflection.RuntimeMethodInfo.Invoke (System.Object obj, System.Reflection.BindingFlags invokeAttr, System.Reflection.Binder binder, System.Object[] parameters, System.Globalization.CultureInfo culture) [0x00083] in <31c0f51ac5a24a22ba784db24f4ba023>:0 
  at System.Reflection.MethodBase.Invoke (System.Object obj, System.Object[] parameters) [0x00000] in <31c0f51ac5a24a22ba784db24f4ba023>:0 
  at UnityEditor.EditorAssemblies.ProcessInitializeOnLoadMethodAttributes () [0x000a5] in <52409df47eec4ff4a3e5a5be37682d54>:0 
UnityEngine.StackTraceUtility:ExtractStackTrace ()
UnityEngine.DebugLogHandler:LogFormat (UnityEngine.LogType,UnityEngine.Object,string,object[])
UnityEngine.Logger:Log (UnityEngine.LogType,object)
UnityEngine.Debug:LogError (object)
UnityEditor.EditorAssemblies:ProcessInitializeOnLoadMethodAttributes ()

Error when attempting to update scene info fields. Scene info data may be stale.
UnityEngine.StackTraceUtility:ExtractStackTrace ()
UnityEngine.DebugLogHandler:LogFormat (UnityEngine.LogType,UnityEngine.Object,string,object[])
UnityEngine.Logger:Log (UnityEngine.LogType,object)
UnityEngine.Debug:LogWarning (object)
Microsoft.MixedReality.Toolkit.Editor.SceneInfoUtils:RefreshSceneInfoFieldsInScriptableObjects () (at Library/PackageCache/com.microsoft.mixedreality.toolkit.foundation@2340f1e6c7e3-1641378007019/Core/Inspectors/PropertyDrawers/SceneInfoUtils.cs:313)
Microsoft.MixedReality.Toolkit.Editor.SceneInfoUtils:InitializeOnLoad () (at Library/PackageCache/com.microsoft.mixedreality.toolkit.foundation@2340f1e6c7e3-1641378007019/Core/Inspectors/PropertyDrawers/SceneInfoUtils.cs:231)
System.Reflection.RuntimeMethodInfo:Invoke (object,System.Reflection.BindingFlags,System.Reflection.Binder,object[],System.Globalization.CultureInfo)
System.Reflection.MethodBase:Invoke (object,object[])
UnityEditor.EditorAssemblies:ProcessInitializeOnLoadMethodAttributes ()

(Filename: Library/PackageCache/com.microsoft.mixedreality.toolkit.foundation@2340f1e6c7e3-1641378007019/Core/Inspectors/PropertyDrawers/SceneInfoUtils.cs Line: 313)

[XR] [MROpenXR][Info   ][17:34:53.552657][tid:b340] MicrosoftOpenXRPlugin_SetPluginEnvironment unityVersion=2021.2.6f1
[XR] [MROpenXR][Info   ][17:34:53.553316][tid:b340] MicrosoftOpenXRPlugin_SetPluginEnvironment openXRPluginVersion=1.3.1
[XR] [MROpenXR][Info   ][17:34:53.553374][tid:b340] MicrosoftOpenXRPlugin_SetPluginEnvironment mrOpenXRPluginVersion=1.2.1.0
[XR] [MROpenXR][Info   ][17:34:53.553468][tid:b340] OnPluginStarted UnityVersion=2021.2.6f1 OpenXRPluginVersion=1.3.1 MROpenXRPluginVersion=1.2.1.0 PartA_PrivTags=33554432
Mono: successfully reloaded assembly
- Completed reload, in  2.360 seconds
Domain Reload Profiling:
	ReloadAssembly (2361ms)
		BeginReloadAssembly (207ms)
			ExecutionOrderSort (0ms)
			DisableScriptedObjects (7ms)
			BackupInstance (0ms)
			ReleaseScriptingObjects (0ms)
			CreateAndSetChildDomain (67ms)
		EndReloadAssembly (2010ms)
			LoadAssemblies (144ms)
			RebuildTransferFunctionScriptingTraits (0ms)
			SetupTypeCache (424ms)
			ReleaseScriptCaches (2ms)
			RebuildScriptCaches (67ms)
			SetupLoadedEditorAssemblies (1218ms)
				LogAssemblyErrors (0ms)
				InitializePlatformSupportModulesInManaged (27ms)
				SetLoadedEditorAssemblies (1ms)
				RefreshPlugins (3ms)
				BeforeProcessingInitializeOnLoad (131ms)
				ProcessInitializeOnLoadAttributes (685ms)
				ProcessInitializeOnLoadMethodAttributes (358ms)
				AfterProcessingInitializeOnLoad (13ms)
				EditorAssembliesLoaded (0ms)
			ExecutionOrderSort2 (0ms)
			AwakeInstancesAfterBackupRestoration (14ms)
Platform modules already initialized, skipping
Switching build target platform(19) subTarget(0) extendedPlatform(0) -> platform(21) subTarget(0) extendedPlatform(0)
Refreshing native plugins compatible for Editor in 2.51 ms, found 16 plugins.
Preloading 1 native plugins for Editor in 0.08 ms.
Unloading 5471 Unused Serialized files (Serialized files now loaded: 0)
Unloading 71 unused Assets / (81.3 KB). Loaded Objects now: 5983.
Memory consumption went from 188.7 MB to 188.6 MB.
Total: 6.209600 ms (FindLiveObjects: 0.696600 ms CreateObjectMapping: 0.623100 ms MarkObjects: 4.689400 ms  DeleteObjects: 0.199300 ms)

AssetImportParameters requested are different than current active one (requested -> active):
  custom:video-decoder-ogg-theora: a1e56fd34408186e4bbccfd4996cb3dc -> 
  custom:container-muxer-webm: aa71ff27fc2769a1b78a27578f13a17b -> 
  custom:container-demuxer-webm: 4f35f7cbe854078d1ac9338744f61a02 -> 
  custom:video-encoder-webm-vp8: eb34c28f22e8b96e1ab97ce403110664 -> 
  custom:audio-encoder-webm-vorbis: bf7c407c2cedff20999df2af8eb42d56 -> 
  custom:framework-win-MediaFoundation: 216162199b28c13a410421893ffa2e32 -> 
  custom:container-demuxer-ogg: 62fdf1f143b41e24485cea50d1cbac27 -> 
  custom:video-decoder-webm-vp8: 9c59270c3fd7afecdb556c50c9e8de78 -> 
  custom:audio-decoder-ogg-vorbis: bf7c407c2cedff20999df2af8eb42d56 -> 
========================================================================
Received Prepare
Registering precompiled user dll's ...
Registered in 0.015695 seconds.
Begin MonoManager ReloadAssembly
Symbol file LoadedFromMemory doesn't match image D:\Unity\VR-CameraToolkit\Library\PackageCache\com.unity.visualscripting@1.7.5\Editor\VisualScripting.Core\Dependencies\DotNetZip\Unity.VisualScripting.IonicZip.dll
Symbol file LoadedFromMemory doesn't match image D:\Unity\VR-CameraToolkit\Library\PackageCache\com.unity.visualscripting@1.7.5\Editor\VisualScripting.Core\Dependencies\YamlDotNet\Unity.VisualScripting.YamlDotNet.dll
Native extension for LinuxStandalone target not found
Native extension for WindowsStandalone target not found
Native extension for WebGL target not found
Refreshing native plugins compatible for Editor in 1.48 ms, found 16 plugins.
Preloading 1 native plugins for Editor in 0.09 ms.
Added DLL directory D:\Unity\VR-CameraToolkit\Library\PackageCache\com.microsoft.mixedreality.input@22a9e02fe4c4-1642697827312\Plugins\Windows\x64 to the user search path.
UnityEngine.StackTraceUtility:ExtractStackTrace ()
UnityEngine.DebugLogHandler:LogFormat (UnityEngine.LogType,UnityEngine.Object,string,object[])
UnityEngine.Logger:Log (UnityEngine.LogType,object)
UnityEngine.Debug:Log (object)
Microsoft.MixedReality.Input.Init:.cctor () (at Library/PackageCache/com.microsoft.mixedreality.input@22a9e02fe4c4-1642697827312/Editor/Microsoft.MixedReality.Input.Init.cs:88)
System.Runtime.CompilerServices.RuntimeHelpers:RunClassConstructor (System.RuntimeTypeHandle)
UnityEditor.EditorAssemblies:ProcessInitializeOnLoadAttributes (System.Type[])

(Filename: Library/PackageCache/com.microsoft.mixedreality.input@22a9e02fe4c4-1642697827312/Editor/Microsoft.MixedReality.Input.Init.cs Line: 88)

System.Reflection.TargetInvocationException: Exception has been thrown by the target of an invocation. ---> System.NullReferenceException: Object reference not set to an instance of an object
  at Unity.XR.Oculus.OculusLoader.AssetPathToAbsolutePath (System.String assetPath) [0x00040] in D:\Unity\VR-CameraToolkit\Library\PackageCache\com.unity.xr.oculus@1.11.0\Runtime\OculusLoader.cs:250 
  at Unity.XR.Oculus.OculusLoader.EditorLoadOVRPlugin () [0x0007b] in D:\Unity\VR-CameraToolkit\Library\PackageCache\com.unity.xr.oculus@1.11.0\Runtime\OculusLoader.cs:235 
  at (wrapper managed-to-native) System.Reflection.RuntimeMethodInfo.InternalInvoke(System.Reflection.RuntimeMethodInfo,object,object[],System.Exception&)
  at System.Reflection.RuntimeMethodInfo.Invoke (System.Object obj, System.Reflection.BindingFlags invokeAttr, System.Reflection.Binder binder, System.Object[] parameters, System.Globalization.CultureInfo culture) [0x0006a] in <31c0f51ac5a24a22ba784db24f4ba023>:0 
   --- End of inner exception stack trace ---
  at System.Reflection.RuntimeMethodInfo.Invoke (System.Object obj, System.Reflection.BindingFlags invokeAttr, System.Reflection.Binder binder, System.Object[] parameters, System.Globalization.CultureInfo culture) [0x00083] in <31c0f51ac5a24a22ba784db24f4ba023>:0 
  at System.Reflection.MethodBase.Invoke (System.Object obj, System.Object[] parameters) [0x00000] in <31c0f51ac5a24a22ba784db24f4ba023>:0 
  at UnityEditor.EditorAssemblies.ProcessInitializeOnLoadMethodAttributes () [0x000a5] in <52409df47eec4ff4a3e5a5be37682d54>:0 
UnityEngine.StackTraceUtility:ExtractStackTrace ()
UnityEngine.DebugLogHandler:LogFormat (UnityEngine.LogType,UnityEngine.Object,string,object[])
UnityEngine.Logger:Log (UnityEngine.LogType,object)
UnityEngine.Debug:LogError (object)
UnityEditor.EditorAssemblies:ProcessInitializeOnLoadMethodAttributes ()

Error when attempting to update scene info fields. Scene info data may be stale.
UnityEngine.StackTraceUtility:ExtractStackTrace ()
UnityEngine.DebugLogHandler:LogFormat (UnityEngine.LogType,UnityEngine.Object,string,object[])
UnityEngine.Logger:Log (UnityEngine.LogType,object)
UnityEngine.Debug:LogWarning (object)
Microsoft.MixedReality.Toolkit.Editor.SceneInfoUtils:RefreshSceneInfoFieldsInScriptableObjects () (at Library/PackageCache/com.microsoft.mixedreality.toolkit.foundation@2340f1e6c7e3-1641378007019/Core/Inspectors/PropertyDrawers/SceneInfoUtils.cs:313)
Microsoft.MixedReality.Toolkit.Editor.SceneInfoUtils:InitializeOnLoad () (at Library/PackageCache/com.microsoft.mixedreality.toolkit.foundation@2340f1e6c7e3-1641378007019/Core/Inspectors/PropertyDrawers/SceneInfoUtils.cs:231)
System.Reflection.RuntimeMethodInfo:Invoke (object,System.Reflection.BindingFlags,System.Reflection.Binder,object[],System.Globalization.CultureInfo)
System.Reflection.MethodBase:Invoke (object,object[])
UnityEditor.EditorAssemblies:ProcessInitializeOnLoadMethodAttributes ()

(Filename: Library/PackageCache/com.microsoft.mixedreality.toolkit.foundation@2340f1e6c7e3-1641378007019/Core/Inspectors/PropertyDrawers/SceneInfoUtils.cs Line: 313)

[XR] [MROpenXR][Info   ][17:35:47.080034][tid:b340] MicrosoftOpenXRPlugin_SetPluginEnvironment unityVersion=2021.2.6f1
[XR] [MROpenXR][Info   ][17:35:47.080660][tid:b340] MicrosoftOpenXRPlugin_SetPluginEnvironment openXRPluginVersion=1.3.1
[XR] [MROpenXR][Info   ][17:35:47.080713][tid:b340] MicrosoftOpenXRPlugin_SetPluginEnvironment mrOpenXRPluginVersion=1.2.1.0
[XR] [MROpenXR][Info   ][17:35:47.080820][tid:b340] OnPluginStarted UnityVersion=2021.2.6f1 OpenXRPluginVersion=1.3.1 MROpenXRPluginVersion=1.2.1.0 PartA_PrivTags=33554432
Mono: successfully reloaded assembly
- Completed reload, in  2.259 seconds
Domain Reload Profiling:
	ReloadAssembly (2260ms)
		BeginReloadAssembly (200ms)
			ExecutionOrderSort (0ms)
			DisableScriptedObjects (6ms)
			BackupInstance (0ms)
			ReleaseScriptingObjects (0ms)
			CreateAndSetChildDomain (65ms)
		EndReloadAssembly (1933ms)
			LoadAssemblies (136ms)
			RebuildTransferFunctionScriptingTraits (0ms)
			SetupTypeCache (407ms)
			ReleaseScriptCaches (2ms)
			RebuildScriptCaches (68ms)
			SetupLoadedEditorAssemblies (1159ms)
				LogAssemblyErrors (0ms)
				InitializePlatformSupportModulesInManaged (35ms)
				SetLoadedEditorAssemblies (1ms)
				RefreshPlugins (2ms)
				BeforeProcessingInitializeOnLoad (133ms)
				ProcessInitializeOnLoadAttributes (631ms)
				ProcessInitializeOnLoadMethodAttributes (345ms)
				AfterProcessingInitializeOnLoad (13ms)
				EditorAssembliesLoaded (0ms)
			ExecutionOrderSort2 (0ms)
			AwakeInstancesAfterBackupRestoration (13ms)
Platform modules already initialized, skipping
Switching build target platform(19) subTarget(0) extendedPlatform(0) -> platform(21) subTarget(0) extendedPlatform(0)
Refreshing native plugins compatible for Editor in 1.47 ms, found 16 plugins.
Preloading 1 native plugins for Editor in 0.09 ms.
Unloading 5471 Unused Serialized files (Serialized files now loaded: 0)
Unloading 71 unused Assets / (79.2 KB). Loaded Objects now: 5986.
Memory consumption went from 188.7 MB to 188.6 MB.
Total: 5.014400 ms (FindLiveObjects: 0.483600 ms CreateObjectMapping: 0.186300 ms MarkObjects: 4.132200 ms  DeleteObjects: 0.210800 ms)

AssetImportParameters requested are different than current active one (requested -> active):
  custom:video-decoder-ogg-theora: a1e56fd34408186e4bbccfd4996cb3dc -> 
  custom:container-muxer-webm: aa71ff27fc2769a1b78a27578f13a17b -> 
  custom:container-demuxer-webm: 4f35f7cbe854078d1ac9338744f61a02 -> 
  custom:video-encoder-webm-vp8: eb34c28f22e8b96e1ab97ce403110664 -> 
  custom:audio-encoder-webm-vorbis: bf7c407c2cedff20999df2af8eb42d56 -> 
  custom:framework-win-MediaFoundation: 216162199b28c13a410421893ffa2e32 -> 
  custom:container-demuxer-ogg: 62fdf1f143b41e24485cea50d1cbac27 -> 
  custom:video-decoder-webm-vp8: 9c59270c3fd7afecdb556c50c9e8de78 -> 
  custom:audio-decoder-ogg-vorbis: bf7c407c2cedff20999df2af8eb42d56 -> 
========================================================================
Received Prepare
Registering precompiled user dll's ...
Registered in 0.016358 seconds.
Begin MonoManager ReloadAssembly
Symbol file LoadedFromMemory doesn't match image D:\Unity\VR-CameraToolkit\Library\PackageCache\com.unity.visualscripting@1.7.5\Editor\VisualScripting.Core\Dependencies\DotNetZip\Unity.VisualScripting.IonicZip.dll
Symbol file LoadedFromMemory doesn't match image D:\Unity\VR-CameraToolkit\Library\PackageCache\com.unity.visualscripting@1.7.5\Editor\VisualScripting.Core\Dependencies\YamlDotNet\Unity.VisualScripting.YamlDotNet.dll
Native extension for LinuxStandalone target not found
Native extension for WindowsStandalone target not found
Native extension for WebGL target not found
Refreshing native plugins compatible for Editor in 1.60 ms, found 16 plugins.
Preloading 1 native plugins for Editor in 0.09 ms.
Added DLL directory D:\Unity\VR-CameraToolkit\Library\PackageCache\com.microsoft.mixedreality.input@22a9e02fe4c4-1642697827312\Plugins\Windows\x64 to the user search path.
UnityEngine.StackTraceUtility:ExtractStackTrace ()
UnityEngine.DebugLogHandler:LogFormat (UnityEngine.LogType,UnityEngine.Object,string,object[])
UnityEngine.Logger:Log (UnityEngine.LogType,object)
UnityEngine.Debug:Log (object)
Microsoft.MixedReality.Input.Init:.cctor () (at Library/PackageCache/com.microsoft.mixedreality.input@22a9e02fe4c4-1642697827312/Editor/Microsoft.MixedReality.Input.Init.cs:88)
System.Runtime.CompilerServices.RuntimeHelpers:RunClassConstructor (System.RuntimeTypeHandle)
UnityEditor.EditorAssemblies:ProcessInitializeOnLoadAttributes (System.Type[])

(Filename: Library/PackageCache/com.microsoft.mixedreality.input@22a9e02fe4c4-1642697827312/Editor/Microsoft.MixedReality.Input.Init.cs Line: 88)

System.Reflection.TargetInvocationException: Exception has been thrown by the target of an invocation. ---> System.NullReferenceException: Object reference not set to an instance of an object
  at Unity.XR.Oculus.OculusLoader.AssetPathToAbsolutePath (System.String assetPath) [0x00040] in D:\Unity\VR-CameraToolkit\Library\PackageCache\com.unity.xr.oculus@1.11.0\Runtime\OculusLoader.cs:250 
  at Unity.XR.Oculus.OculusLoader.EditorLoadOVRPlugin () [0x0007b] in D:\Unity\VR-CameraToolkit\Library\PackageCache\com.unity.xr.oculus@1.11.0\Runtime\OculusLoader.cs:235 
  at (wrapper managed-to-native) System.Reflection.RuntimeMethodInfo.InternalInvoke(System.Reflection.RuntimeMethodInfo,object,object[],System.Exception&)
  at System.Reflection.RuntimeMethodInfo.Invoke (System.Object obj, System.Reflection.BindingFlags invokeAttr, System.Reflection.Binder binder, System.Object[] parameters, System.Globalization.CultureInfo culture) [0x0006a] in <31c0f51ac5a24a22ba784db24f4ba023>:0 
   --- End of inner exception stack trace ---
  at System.Reflection.RuntimeMethodInfo.Invoke (System.Object obj, System.Reflection.BindingFlags invokeAttr, System.Reflection.Binder binder, System.Object[] parameters, System.Globalization.CultureInfo culture) [0x00083] in <31c0f51ac5a24a22ba784db24f4ba023>:0 
  at System.Reflection.MethodBase.Invoke (System.Object obj, System.Object[] parameters) [0x00000] in <31c0f51ac5a24a22ba784db24f4ba023>:0 
  at UnityEditor.EditorAssemblies.ProcessInitializeOnLoadMethodAttributes () [0x000a5] in <52409df47eec4ff4a3e5a5be37682d54>:0 
UnityEngine.StackTraceUtility:ExtractStackTrace ()
UnityEngine.DebugLogHandler:LogFormat (UnityEngine.LogType,UnityEngine.Object,string,object[])
UnityEngine.Logger:Log (UnityEngine.LogType,object)
UnityEngine.Debug:LogError (object)
UnityEditor.EditorAssemblies:ProcessInitializeOnLoadMethodAttributes ()

Error when attempting to update scene info fields. Scene info data may be stale.
UnityEngine.StackTraceUtility:ExtractStackTrace ()
UnityEngine.DebugLogHandler:LogFormat (UnityEngine.LogType,UnityEngine.Object,string,object[])
UnityEngine.Logger:Log (UnityEngine.LogType,object)
UnityEngine.Debug:LogWarning (object)
Microsoft.MixedReality.Toolkit.Editor.SceneInfoUtils:RefreshSceneInfoFieldsInScriptableObjects () (at Library/PackageCache/com.microsoft.mixedreality.toolkit.foundation@2340f1e6c7e3-1641378007019/Core/Inspectors/PropertyDrawers/SceneInfoUtils.cs:313)
Microsoft.MixedReality.Toolkit.Editor.SceneInfoUtils:InitializeOnLoad () (at Library/PackageCache/com.microsoft.mixedreality.toolkit.foundation@2340f1e6c7e3-1641378007019/Core/Inspectors/PropertyDrawers/SceneInfoUtils.cs:231)
System.Reflection.RuntimeMethodInfo:Invoke (object,System.Reflection.BindingFlags,System.Reflection.Binder,object[],System.Globalization.CultureInfo)
System.Reflection.MethodBase:Invoke (object,object[])
UnityEditor.EditorAssemblies:ProcessInitializeOnLoadMethodAttributes ()

(Filename: Library/PackageCache/com.microsoft.mixedreality.toolkit.foundation@2340f1e6c7e3-1641378007019/Core/Inspectors/PropertyDrawers/SceneInfoUtils.cs Line: 313)

[XR] [MROpenXR][Info   ][17:37:19.776392][tid:b340] MicrosoftOpenXRPlugin_SetPluginEnvironment unityVersion=2021.2.6f1
[XR] [MROpenXR][Info   ][17:37:19.776985][tid:b340] MicrosoftOpenXRPlugin_SetPluginEnvironment openXRPluginVersion=1.3.1
[XR] [MROpenXR][Info   ][17:37:19.777032][tid:b340] MicrosoftOpenXRPlugin_SetPluginEnvironment mrOpenXRPluginVersion=1.2.1.0
[XR] [MROpenXR][Info   ][17:37:19.777126][tid:b340] OnPluginStarted UnityVersion=2021.2.6f1 OpenXRPluginVersion=1.3.1 MROpenXRPluginVersion=1.2.1.0 PartA_PrivTags=33554432
Mono: successfully reloaded assembly
- Completed reload, in  2.075 seconds
Domain Reload Profiling:
	ReloadAssembly (2076ms)
		BeginReloadAssembly (170ms)
			ExecutionOrderSort (0ms)
			DisableScriptedObjects (7ms)
			BackupInstance (0ms)
			ReleaseScriptingObjects (0ms)
			CreateAndSetChildDomain (54ms)
		EndReloadAssembly (1784ms)
			LoadAssemblies (126ms)
			RebuildTransferFunctionScriptingTraits (0ms)
			SetupTypeCache (402ms)
			ReleaseScriptCaches (2ms)
			RebuildScriptCaches (54ms)
			SetupLoadedEditorAssemblies (1068ms)
				LogAssemblyErrors (0ms)
				InitializePlatformSupportModulesInManaged (22ms)
				SetLoadedEditorAssemblies (1ms)
				RefreshPlugins (2ms)
				BeforeProcessingInitializeOnLoad (121ms)
				ProcessInitializeOnLoadAttributes (617ms)
				ProcessInitializeOnLoadMethodAttributes (295ms)
				AfterProcessingInitializeOnLoad (10ms)
				EditorAssembliesLoaded (0ms)
			ExecutionOrderSort2 (0ms)
			AwakeInstancesAfterBackupRestoration (14ms)
Platform modules already initialized, skipping
Switching build target platform(19) subTarget(0) extendedPlatform(0) -> platform(21) subTarget(0) extendedPlatform(0)
Refreshing native plugins compatible for Editor in 1.65 ms, found 16 plugins.
Preloading 1 native plugins for Editor in 0.08 ms.
Unloading 5471 Unused Serialized files (Serialized files now loaded: 0)
Unloading 71 unused Assets / (79.4 KB). Loaded Objects now: 5989.
Memory consumption went from 188.7 MB to 188.7 MB.
Total: 4.471600 ms (FindLiveObjects: 0.502200 ms CreateObjectMapping: 0.156700 ms MarkObjects: 3.635100 ms  DeleteObjects: 0.175900 ms)

AssetImportParameters requested are different than current active one (requested -> active):
  custom:video-decoder-ogg-theora: a1e56fd34408186e4bbccfd4996cb3dc -> 
  custom:container-muxer-webm: aa71ff27fc2769a1b78a27578f13a17b -> 
  custom:container-demuxer-webm: 4f35f7cbe854078d1ac9338744f61a02 -> 
  custom:video-encoder-webm-vp8: eb34c28f22e8b96e1ab97ce403110664 -> 
  custom:audio-encoder-webm-vorbis: bf7c407c2cedff20999df2af8eb42d56 -> 
  custom:framework-win-MediaFoundation: 216162199b28c13a410421893ffa2e32 -> 
  custom:container-demuxer-ogg: 62fdf1f143b41e24485cea50d1cbac27 -> 
  custom:video-decoder-webm-vp8: 9c59270c3fd7afecdb556c50c9e8de78 -> 
  custom:audio-decoder-ogg-vorbis: bf7c407c2cedff20999df2af8eb42d56 -> 
========================================================================
Received Import Request.
  Time since last request: 796830.293395 seconds.
  path: Packages/com.microsoft.mixedreality.toolkit.standardassets/Materials/MRTK_Standard_White.mat
  artifactKey: Guid(680505b4b4f3400f9fd3ebb242751819) Importer(815301076,1909f56bfc062723c751e8b465ee728b)
Start importing Packages/com.microsoft.mixedreality.toolkit.standardassets/Materials/MRTK_Standard_White.mat using Guid(680505b4b4f3400f9fd3ebb242751819) Importer(815301076,1909f56bfc062723c751e8b465ee728b)  -> (artifact id: 'eb8c4ea9b9cfb6b00b04066e0d028b88') in 0.236063 seconds 
========================================================================
Received Import Request.
  Time since last request: 0.000031 seconds.
  path: Packages/com.microsoft.mixedreality.toolkit.standardassets/Materials/Text3DSelawikLight.mat
  artifactKey: Guid(07c12c0ec28e4b8c8f083045ea0765ef) Importer(815301076,1909f56bfc062723c751e8b465ee728b)
Start importing Packages/com.microsoft.mixedreality.toolkit.standardassets/Materials/Text3DSelawikLight.mat using Guid(07c12c0ec28e4b8c8f083045ea0765ef) Importer(815301076,1909f56bfc062723c751e8b465ee728b)  -> (artifact id: 'd27aeea604c975d210438a2fc7ad2ed4') in 0.074581 seconds 
========================================================================
Received Import Request.
  Time since last request: 0.000036 seconds.
  path: Packages/com.microsoft.mixedreality.toolkit.standardassets/Materials/Text3DSelawikSemilight.mat
  artifactKey: Guid(f994cbd38a764af182fc2d9c96693ece) Importer(815301076,1909f56bfc062723c751e8b465ee728b)
Start importing Packages/com.microsoft.mixedreality.toolkit.standardassets/Materials/Text3DSelawikSemilight.mat using Guid(f994cbd38a764af182fc2d9c96693ece) Importer(815301076,1909f56bfc062723c751e8b465ee728b)  -> (artifact id: 'e0215db597e3b926a0ce6a2438f5a669') in 0.033897 seconds 
========================================================================
Received Import Request.
  Time since last request: 0.000030 seconds.
  path: Packages/com.microsoft.mixedreality.toolkit.standardassets/Materials/Text3DSelawik.mat
  artifactKey: Guid(27e8d7c95f97434681887029d5c7a928) Importer(815301076,1909f56bfc062723c751e8b465ee728b)
Start importing Packages/com.microsoft.mixedreality.toolkit.standardassets/Materials/Text3DSelawik.mat using Guid(27e8d7c95f97434681887029d5c7a928) Importer(815301076,1909f56bfc062723c751e8b465ee728b)  -> (artifact id: '787a33abb747d011f2f9e53f9e890dfb') in 0.028117 seconds 
========================================================================
Received Import Request.
  Time since last request: 0.000024 seconds.
  path: Packages/com.microsoft.mixedreality.toolkit.standardassets/Materials/Text3DSelawikSemibold.mat
  artifactKey: Guid(995259be68dc4fa98ed72600bc3cc149) Importer(815301076,1909f56bfc062723c751e8b465ee728b)
Start importing Packages/com.microsoft.mixedreality.toolkit.standardassets/Materials/Text3DSelawikSemibold.mat using Guid(995259be68dc4fa98ed72600bc3cc149) Importer(815301076,1909f56bfc062723c751e8b465ee728b)  -> (artifact id: '3d1fd3081d74820578d6369d53f4e883') in 0.027414 seconds 
========================================================================
Received Import Request.
  Time since last request: 49.473123 seconds.
  path: Packages/com.microsoft.mixedreality.toolkit.foundation/SDK/Profiles/DefaultMixedRealityControllerMappingProfile.asset
  artifactKey: Guid(39ded1fd0711a0c448413d0e1ec4f7f3) Importer(815301076,1909f56bfc062723c751e8b465ee728b)
Start importing Packages/com.microsoft.mixedreality.toolkit.foundation/SDK/Profiles/DefaultMixedRealityControllerMappingProfile.asset using Guid(39ded1fd0711a0c448413d0e1ec4f7f3) Importer(815301076,1909f56bfc062723c751e8b465ee728b)  -> (artifact id: 'c69f74af955e7111c6bc17d342e2e989') in 0.112504 seconds 
========================================================================
Received Import Request.
  Time since last request: 0.000027 seconds.
  path: Packages/com.microsoft.mixedreality.toolkit.foundation/SDK/Profiles/DefaultMixedRealitySpatialAwarenessSystemProfile.asset
  artifactKey: Guid(97da727944a3d7b4caf42d2273271a24) Importer(815301076,1909f56bfc062723c751e8b465ee728b)
Start importing Packages/com.microsoft.mixedreality.toolkit.foundation/SDK/Profiles/DefaultMixedRealitySpatialAwarenessSystemProfile.asset using Guid(97da727944a3d7b4caf42d2273271a24) Importer(815301076,1909f56bfc062723c751e8b465ee728b)  -> (artifact id: '5f60c380eaeb3ecfd1749180a04d4dd9') in 0.017118 seconds 
========================================================================
Received Import Request.
  Time since last request: 0.000029 seconds.
  path: Packages/com.microsoft.mixedreality.toolkit.foundation/SDK/Profiles/DefaultMixedRealityGesturesProfile.asset
  artifactKey: Guid(bd7829a9b29409045a745b5a18299291) Importer(815301076,1909f56bfc062723c751e8b465ee728b)
Start importing Packages/com.microsoft.mixedreality.toolkit.foundation/SDK/Profiles/DefaultMixedRealityGesturesProfile.asset using Guid(bd7829a9b29409045a745b5a18299291) Importer(815301076,1909f56bfc062723c751e8b465ee728b)  -> (artifact id: 'feb0b703b0c8b546f8bd07346842e784') in 0.008106 seconds 
========================================================================
Received Import Request.
  Time since last request: 0.000032 seconds.
  path: Packages/com.microsoft.mixedreality.toolkit.foundation/SDK/Profiles/DefaultMixedRealitySceneSystemProfile.asset
  artifactKey: Guid(069efa41032a317409790a6a08435311) Importer(815301076,1909f56bfc062723c751e8b465ee728b)
Start importing Packages/com.microsoft.mixedreality.toolkit.foundation/SDK/Profiles/DefaultMixedRealitySceneSystemProfile.asset using Guid(069efa41032a317409790a6a08435311) Importer(815301076,1909f56bfc062723c751e8b465ee728b)  -> (artifact id: '457279814a8bdd828cbeba777d9173d4') in 0.012835 seconds 
========================================================================
Received Import Request.
  Time since last request: 0.000026 seconds.
  path: Packages/com.microsoft.mixedreality.toolkit.foundation/SDK/Profiles/DefaultMixedRealityInputRecordingProfile.asset
  artifactKey: Guid(d0f5a7f6d1f9f0b4cb6eb35c797a0f04) Importer(815301076,1909f56bfc062723c751e8b465ee728b)
Start importing Packages/com.microsoft.mixedreality.toolkit.foundation/SDK/Profiles/DefaultMixedRealityInputRecordingProfile.asset using Guid(d0f5a7f6d1f9f0b4cb6eb35c797a0f04) Importer(815301076,1909f56bfc062723c751e8b465ee728b)  -> (artifact id: '21958632f2037a245ae55fcd6e56386d') in 0.010632 seconds 
========================================================================
Received Prepare
Registering precompiled user dll's ...
Registered in 0.017021 seconds.
Begin MonoManager ReloadAssembly
Symbol file LoadedFromMemory doesn't match image D:\Unity\VR-CameraToolkit\Library\PackageCache\com.unity.visualscripting@1.7.5\Editor\VisualScripting.Core\Dependencies\DotNetZip\Unity.VisualScripting.IonicZip.dll
Symbol file LoadedFromMemory doesn't match image D:\Unity\VR-CameraToolkit\Library\PackageCache\com.unity.visualscripting@1.7.5\Editor\VisualScripting.Core\Dependencies\YamlDotNet\Unity.VisualScripting.YamlDotNet.dll
Native extension for LinuxStandalone target not found
Native extension for WindowsStandalone target not found
Native extension for WebGL target not found
Refreshing native plugins compatible for Editor in 2.25 ms, found 16 plugins.
Preloading 1 native plugins for Editor in 0.12 ms.
Added DLL directory D:\Unity\VR-CameraToolkit\Library\PackageCache\com.microsoft.mixedreality.input@22a9e02fe4c4-1642697827312\Plugins\Windows\x64 to the user search path.
UnityEngine.StackTraceUtility:ExtractStackTrace ()
UnityEngine.DebugLogHandler:LogFormat (UnityEngine.LogType,UnityEngine.Object,string,object[])
UnityEngine.Logger:Log (UnityEngine.LogType,object)
UnityEngine.Debug:Log (object)
Microsoft.MixedReality.Input.Init:.cctor () (at Library/PackageCache/com.microsoft.mixedreality.input@22a9e02fe4c4-1642697827312/Editor/Microsoft.MixedReality.Input.Init.cs:88)
System.Runtime.CompilerServices.RuntimeHelpers:RunClassConstructor (System.RuntimeTypeHandle)
UnityEditor.EditorAssemblies:ProcessInitializeOnLoadAttributes (System.Type[])

(Filename: Library/PackageCache/com.microsoft.mixedreality.input@22a9e02fe4c4-1642697827312/Editor/Microsoft.MixedReality.Input.Init.cs Line: 88)

System.Reflection.TargetInvocationException: Exception has been thrown by the target of an invocation. ---> System.NullReferenceException: Object reference not set to an instance of an object
  at Unity.XR.Oculus.OculusLoader.AssetPathToAbsolutePath (System.String assetPath) [0x00040] in D:\Unity\VR-CameraToolkit\Library\PackageCache\com.unity.xr.oculus@1.11.0\Runtime\OculusLoader.cs:250 
  at Unity.XR.Oculus.OculusLoader.EditorLoadOVRPlugin () [0x0007b] in D:\Unity\VR-CameraToolkit\Library\PackageCache\com.unity.xr.oculus@1.11.0\Runtime\OculusLoader.cs:235 
  at (wrapper managed-to-native) System.Reflection.RuntimeMethodInfo.InternalInvoke(System.Reflection.RuntimeMethodInfo,object,object[],System.Exception&)
  at System.Reflection.RuntimeMethodInfo.Invoke (System.Object obj, System.Reflection.BindingFlags invokeAttr, System.Reflection.Binder binder, System.Object[] parameters, System.Globalization.CultureInfo culture) [0x0006a] in <31c0f51ac5a24a22ba784db24f4ba023>:0 
   --- End of inner exception stack trace ---
  at System.Reflection.RuntimeMethodInfo.Invoke (System.Object obj, System.Reflection.BindingFlags invokeAttr, System.Reflection.Binder binder, System.Object[] parameters, System.Globalization.CultureInfo culture) [0x00083] in <31c0f51ac5a24a22ba784db24f4ba023>:0 
  at System.Reflection.MethodBase.Invoke (System.Object obj, System.Object[] parameters) [0x00000] in <31c0f51ac5a24a22ba784db24f4ba023>:0 
  at UnityEditor.EditorAssemblies.ProcessInitializeOnLoadMethodAttributes () [0x000a5] in <52409df47eec4ff4a3e5a5be37682d54>:0 
UnityEngine.StackTraceUtility:ExtractStackTrace ()
UnityEngine.DebugLogHandler:LogFormat (UnityEngine.LogType,UnityEngine.Object,string,object[])
UnityEngine.Logger:Log (UnityEngine.LogType,object)
UnityEngine.Debug:LogError (object)
UnityEditor.EditorAssemblies:ProcessInitializeOnLoadMethodAttributes ()

Error when attempting to update scene info fields. Scene info data may be stale.
UnityEngine.StackTraceUtility:ExtractStackTrace ()
UnityEngine.DebugLogHandler:LogFormat (UnityEngine.LogType,UnityEngine.Object,string,object[])
UnityEngine.Logger:Log (UnityEngine.LogType,object)
UnityEngine.Debug:LogWarning (object)
Microsoft.MixedReality.Toolkit.Editor.SceneInfoUtils:RefreshSceneInfoFieldsInScriptableObjects () (at Library/PackageCache/com.microsoft.mixedreality.toolkit.foundation@2340f1e6c7e3-1641378007019/Core/Inspectors/PropertyDrawers/SceneInfoUtils.cs:313)
Microsoft.MixedReality.Toolkit.Editor.SceneInfoUtils:InitializeOnLoad () (at Library/PackageCache/com.microsoft.mixedreality.toolkit.foundation@2340f1e6c7e3-1641378007019/Core/Inspectors/PropertyDrawers/SceneInfoUtils.cs:231)
System.Reflection.RuntimeMethodInfo:Invoke (object,System.Reflection.BindingFlags,System.Reflection.Binder,object[],System.Globalization.CultureInfo)
System.Reflection.MethodBase:Invoke (object,object[])
UnityEditor.EditorAssemblies:ProcessInitializeOnLoadMethodAttributes ()

(Filename: Library/PackageCache/com.microsoft.mixedreality.toolkit.foundation@2340f1e6c7e3-1641378007019/Core/Inspectors/PropertyDrawers/SceneInfoUtils.cs Line: 313)

[XR] [MROpenXR][Info   ][17:40:41.968902][tid:b340] MicrosoftOpenXRPlugin_SetPluginEnvironment unityVersion=2021.2.6f1
[XR] [MROpenXR][Info   ][17:40:41.970109][tid:b340] MicrosoftOpenXRPlugin_SetPluginEnvironment openXRPluginVersion=1.3.1
[XR] [MROpenXR][Info   ][17:40:41.970213][tid:b340] MicrosoftOpenXRPlugin_SetPluginEnvironment mrOpenXRPluginVersion=1.2.1.0
[XR] [MROpenXR][Info   ][17:40:41.970359][tid:b340] OnPluginStarted UnityVersion=2021.2.6f1 OpenXRPluginVersion=1.3.1 MROpenXRPluginVersion=1.2.1.0 PartA_PrivTags=33554432
Mono: successfully reloaded assembly
- Completed reload, in  2.669 seconds
Domain Reload Profiling:
	ReloadAssembly (2670ms)
		BeginReloadAssembly (205ms)
			ExecutionOrderSort (0ms)
			DisableScriptedObjects (5ms)
			BackupInstance (0ms)
			ReleaseScriptingObjects (0ms)
			CreateAndSetChildDomain (75ms)
		EndReloadAssembly (2295ms)
			LoadAssemblies (145ms)
			RebuildTransferFunctionScriptingTraits (0ms)
			SetupTypeCache (496ms)
			ReleaseScriptCaches (2ms)
			RebuildScriptCaches (69ms)
			SetupLoadedEditorAssemblies (1409ms)
				LogAssemblyErrors (0ms)
				InitializePlatformSupportModulesInManaged (26ms)
				SetLoadedEditorAssemblies (1ms)
				RefreshPlugins (3ms)
				BeforeProcessingInitializeOnLoad (143ms)
				ProcessInitializeOnLoadAttributes (765ms)
				ProcessInitializeOnLoadMethodAttributes (455ms)
				AfterProcessingInitializeOnLoad (16ms)
				EditorAssembliesLoaded (0ms)
			ExecutionOrderSort2 (0ms)
			AwakeInstancesAfterBackupRestoration (22ms)
Platform modules already initialized, skipping
Switching build target platform(19) subTarget(0) extendedPlatform(0) -> platform(21) subTarget(0) extendedPlatform(0)
Refreshing native plugins compatible for Editor in 2.20 ms, found 16 plugins.
Preloading 1 native plugins for Editor in 0.08 ms.
Unloading 5471 Unused Serialized files (Serialized files now loaded: 0)
Unloading 72 unused Assets / (103.7 KB). Loaded Objects now: 6034.
Memory consumption went from 193.1 MB to 193.0 MB.
Total: 5.393300 ms (FindLiveObjects: 0.548600 ms CreateObjectMapping: 0.184200 ms MarkObjects: 4.410500 ms  DeleteObjects: 0.248100 ms)

AssetImportParameters requested are different than current active one (requested -> active):
  custom:video-decoder-ogg-theora: a1e56fd34408186e4bbccfd4996cb3dc -> 
  custom:container-muxer-webm: aa71ff27fc2769a1b78a27578f13a17b -> 
  custom:container-demuxer-webm: 4f35f7cbe854078d1ac9338744f61a02 -> 
  custom:video-encoder-webm-vp8: eb34c28f22e8b96e1ab97ce403110664 -> 
  custom:audio-encoder-webm-vorbis: bf7c407c2cedff20999df2af8eb42d56 -> 
  custom:framework-win-MediaFoundation: 216162199b28c13a410421893ffa2e32 -> 
  custom:container-demuxer-ogg: 62fdf1f143b41e24485cea50d1cbac27 -> 
  custom:video-decoder-webm-vp8: 9c59270c3fd7afecdb556c50c9e8de78 -> 
  custom:audio-decoder-ogg-vorbis: bf7c407c2cedff20999df2af8eb42d56 -> 
Editor requested this worker to shutdown with reason: Scaling down because of idle timeout
AssetImportWorker is now disconnected from the server
Process exiting
Exiting without the bug reporter. Application will terminate with return code 0